[debug] [2024-06-02T18:28:52.704Z] ----------------------------------------------------------------------
[debug] [2024-06-02T18:28:52.706Z] Command:       C:\Program Files\nodejs\node.exe C:\Users\JAVERIA MAJEED\AppData\Roaming\npm\node_modules\firebase-tools\lib\bin\firebase.js login
[debug] [2024-06-02T18:28:52.707Z] CLI Version:   13.10.2
[debug] [2024-06-02T18:28:52.707Z] Platform:      win32
[debug] [2024-06-02T18:28:52.707Z] Node Version:  v20.13.1
[debug] [2024-06-02T18:28:52.708Z] Time:          Sun Jun 02 2024 23:28:52 GMT+0500 (Pakistan Standard Time)
[debug] [2024-06-02T18:28:52.708Z] ----------------------------------------------------------------------
[debug] 
[info] Already logged in as javmajsha@gmail.com
[debug] [2024-06-02T18:29:00.323Z] Error: Timed out.
    at Timeout.<anonymous> (C:\Users\JAVERIA MAJEED\AppData\Roaming\npm\node_modules\firebase-tools\lib\utils.js:267:49)
    at listOnTimeout (node:internal/timers:573:17)
    at process.processTimers (node:internal/timers:514:7)
[error] 
[error] Error: An unexpected error has occurred.
[debug] [2024-06-02T18:29:11.658Z] ----------------------------------------------------------------------
[debug] [2024-06-02T18:29:11.661Z] Command:       C:\Program Files\nodejs\node.exe C:\Users\JAVERIA MAJEED\AppData\Roaming\npm\node_modules\firebase-tools\lib\bin\firebase.js init
[debug] [2024-06-02T18:29:11.662Z] CLI Version:   13.10.2
[debug] [2024-06-02T18:29:11.662Z] Platform:      win32
[debug] [2024-06-02T18:29:11.662Z] Node Version:  v20.13.1
[debug] [2024-06-02T18:29:11.662Z] Time:          Sun Jun 02 2024 23:29:11 GMT+0500 (Pakistan Standard Time)
[debug] [2024-06-02T18:29:11.662Z] ----------------------------------------------------------------------
[debug] 
[debug] [2024-06-02T18:29:11.669Z] > command requires scopes: ["email","openid","https://www.googleapis.com/auth/cloudplatformprojects.readonly","https://www.googleapis.com/auth/firebase","https://www.googleapis.com/auth/cloud-platform"]
[debug] [2024-06-02T18:29:11.670Z] > authorizing via signed-in user (javmajsha@gmail.com)
[info] 
     ######## #### ########  ######## ########     ###     ######  ########
     ##        ##  ##     ## ##       ##     ##  ##   ##  ##       ##
     ######    ##  ########  ######   ########  #########  ######  ######
     ##        ##  ##    ##  ##       ##     ## ##     ##       ## ##
     ##       #### ##     ## ######## ########  ##     ##  ######  ########

You're about to initialize a Firebase project in this directory:

  C:\Users\JAVERIA MAJEED\Desktop\INTERNSHIP\XSPACE TECHNOLOGIES\WEB DEVELOPMENT\WEBSITE PORTFOLIO

[info] 
=== Project Setup
[info] 
[info] First, let's associate this project directory with a Firebase project.
[info] You can create multiple project aliases by running firebase use --add, 
[info] but for now we'll just set up a default project.
[info] 
[debug] [2024-06-02T18:29:32.976Z] >>> [apiv2][query] GET https://firebase.googleapis.com/v1beta1/projects pageSize=100
[debug] [2024-06-02T18:29:33.926Z] <<< [apiv2][status] GET https://firebase.googleapis.com/v1beta1/projects 200
[debug] [2024-06-02T18:29:33.926Z] <<< [apiv2][body] GET https://firebase.googleapis.com/v1beta1/projects [omitted]
[info] i  Using project website-portfolio-cc307 (Website Portfolio) 
[info] 
=== Hosting Setup
[debug] [2024-06-02T18:29:41.001Z] >>> [apiv2][query] GET https://firebase.googleapis.com/v1beta1/projects/website-portfolio-cc307 [none]
[debug] [2024-06-02T18:29:41.782Z] <<< [apiv2][status] GET https://firebase.googleapis.com/v1beta1/projects/website-portfolio-cc307 200
[debug] [2024-06-02T18:29:41.783Z] <<< [apiv2][body] GET https://firebase.googleapis.com/v1beta1/projects/website-portfolio-cc307 {"projectId":"website-portfolio-cc307","projectNumber":"613918209038","displayName":"Website Portfolio","name":"projects/website-portfolio-cc307","resources":{"hostingSite":"website-portfolio-cc307"},"state":"ACTIVE","etag":"1_adb37d8d-0b39-4d69-a1f0-ac3614439a58"}
[info] 
[info] Your public directory is the folder (relative to your project directory) that
[info] will contain Hosting assets to be uploaded with firebase deploy. If you
[info] have a build process for your assets, use your build's output directory.
[info] 
[debug] [2024-06-02T18:29:58.634Z] >>> [apiv2][query] GET https://www.gstatic.com/firebasejs/releases.json [none]
[debug] [2024-06-02T18:29:58.922Z] <<< [apiv2][status] GET https://www.gstatic.com/firebasejs/releases.json 200
[debug] [2024-06-02T18:29:58.923Z] <<< [apiv2][body] GET https://www.gstatic.com/firebasejs/releases.json {"current":{"version":"10.12.2","browserURL":"https://www.gstatic.com/firebasejs/10.12.2/firebase.js","packageURL":"https://www.gstatic.com/firebasejs/10.12.2/firebase.tgz"},"live":{"version":"10.12","browserURL":"https://www.gstatic.com/firebasejs/live/10.12/firebase.js","packageURL":"https://www.gstatic.com/firebasejs/live/10.12/firebase.tgz"},"components":{"analytics":"https://www.gstatic.com/firebasejs/10.12.2/firebase-analytics.js","app":"https://www.gstatic.com/firebasejs/10.12.2/firebase-app.js","app-check":"https://www.gstatic.com/firebasejs/10.12.2/firebase-app-check.js","auth":"https://www.gstatic.com/firebasejs/10.12.2/firebase-auth.js","auth/cordova":"https://www.gstatic.com/firebasejs/10.12.2/firebase-auth/cordova.js","auth/web-extension":"https://www.gstatic.com/firebasejs/10.12.2/firebase-auth/web-extension.js","functions":"https://www.gstatic.com/firebasejs/10.12.2/firebase-functions.js","firestore":"https://www.gstatic.com/firebasejs/10.12.2/firebase-firestore.js","firestore/lite":"https://www.gstatic.com/firebasejs/10.12.2/firebase-firestore/lite.js","installations":"https://www.gstatic.com/firebasejs/10.12.2/firebase-installations.js","storage":"https://www.gstatic.com/firebasejs/10.12.2/firebase-storage.js","performance":"https://www.gstatic.com/firebasejs/10.12.2/firebase-performance.js","remote-config":"https://www.gstatic.com/firebasejs/10.12.2/firebase-remote-config.js","messaging":"https://www.gstatic.com/firebasejs/10.12.2/firebase-messaging.js","messaging/sw":"https://www.gstatic.com/firebasejs/10.12.2/firebase-messaging/sw.js","database":"https://www.gstatic.com/firebasejs/10.12.2/firebase-database.js","vertexai-preview":"https://www.gstatic.com/firebasejs/10.12.2/firebase-vertexai-preview.js","firestore.memory":"https://www.gstatic.com/firebasejs/10.12.2/firebase-firestore.memory.js"}}
[info] +  Wrote public/index.html 
[info] 
[info] i  Detected a .git folder at C:\Users\JAVERIA MAJEED 
[info] i  Authorizing with GitHub to upload your service account to a GitHub repository's secrets store. 
[info] 
[info] Visit this URL on this device to log in:
[info] https://github.com/login/oauth/authorize?client_id=89cf50f02ac6aaed3484&state=13440933&redirect_uri=http%3A%2F%2Flocalhost%3A9005&scope=read%3Auser%20repo%20public_repo
[info] 
[info] Waiting for authentication...
[debug] [2024-06-02T18:30:00.755Z] >>> [apiv2][query] POST https://github.com/login/oauth/access_token [none]
[debug] [2024-06-02T18:30:00.755Z] >>> [apiv2][body] POST https://github.com/login/oauth/access_token [stream]
[debug] [2024-06-02T18:30:01.957Z] <<< [apiv2][status] POST https://github.com/login/oauth/access_token 200
[debug] [2024-06-02T18:30:01.957Z] <<< [apiv2][body] POST https://github.com/login/oauth/access_token {"access_token":"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","token_type":"bearer","scope":"read:user,repo"}
[debug] [2024-06-02T18:30:01.964Z] >>> [apiv2][query] GET https://api.github.com/user [none]
[debug] [2024-06-02T18:30:03.550Z] <<< [apiv2][status] GET https://api.github.com/user 200
[debug] [2024-06-02T18:30:03.551Z] <<< [apiv2][body] GET https://api.github.com/user {"login":"Javeria31","id":149885112,"node_id":"U_kgDOCO8QuA","avatar_url":"https://avatars.githubusercontent.com/u/149885112?v=4","gravatar_id":"","url":"https://api.github.com/users/Javeria31","html_url":"https://github.com/Javeria31","followers_url":"https://api.github.com/users/Javeria31/followers","following_url":"https://api.github.com/users/Javeria31/following{/other_user}","gists_url":"https://api.github.com/users/Javeria31/gists{/gist_id}","starred_url":"https://api.github.com/users/Javeria31/starred{/owner}{/repo}","subscriptions_url":"https://api.github.com/users/Javeria31/subscriptions","organizations_url":"https://api.github.com/users/Javeria31/orgs","repos_url":"https://api.github.com/users/Javeria31/repos","events_url":"https://api.github.com/users/Javeria31/events{/privacy}","received_events_url":"https://api.github.com/users/Javeria31/received_events","type":"User","site_admin":false,"name":null,"company":null,"blog":"","location":null,"email":null,"hireable":null,"bio":null,"twitter_username":null,"public_repos":0,"public_gists":0,"followers":0,"following":0,"created_at":"2023-11-04T14:12:00Z","updated_at":"2024-05-26T09:38:20Z","private_gists":0,"total_private_repos":1,"owned_private_repos":1,"disk_usage":0,"collaborators":0,"two_factor_authentication":false,"plan":{"name":"free","space":976562499,"collaborators":0,"private_repos":10000}}
[info] 
[info] +  Success! Logged into GitHub as Javeria31 
[info] 
